<?xml version="1.0" encoding="UTF-8"?>
<testng-results ignored="0" total="1" passed="1" failed="0" skipped="0">
  <reporter-output>
  </reporter-output>
  <suite started-at="2024-11-02T22:43:29 GMT-04:00" name="Default suite" finished-at="2024-11-02T22:43:32 GMT-04:00" duration-ms="3173">
    <groups>
    </groups>
    <test started-at="2024-11-02T22:43:29 GMT-04:00" name="Default test" finished-at="2024-11-02T22:43:32 GMT-04:00" duration-ms="3173">
      <class name="GetBDD">
        <test-method signature="test_numberOFCircuitsFor2017_season()[pri:0, instance:GetBDD@351d0846]" started-at="2024-11-02T22:43:29 GMT-04:00" name="test_numberOFCircuitsFor2017_season" finished-at="2024-11-02T22:43:32 GMT-04:00" duration-ms="3119" status="PASS">
          <reporter-output>
          </reporter-output>
        </test-method> <!-- test_numberOFCircuitsFor2017_season -->
      </class> <!-- GetBDD -->
    </test> <!-- Default test -->
  </suite> <!-- Default suite -->
</testng-results>
